2025-08-13 22:06:21,088:WARNING:
'cuml' is a soft dependency and not included in the pycaret installation. Please run: `pip install cuml` to install.
2025-08-13 22:06:21,088:WARNING:
'cuml' is a soft dependency and not included in the pycaret installation. Please run: `pip install cuml` to install.
2025-08-13 22:06:21,088:WARNING:
'cuml' is a soft dependency and not included in the pycaret installation. Please run: `pip install cuml` to install.
2025-08-13 22:06:21,088:WARNING:
'cuml' is a soft dependency and not included in the pycaret installation. Please run: `pip install cuml` to install.
2025-08-13 22:06:21,176:INFO:Initializing load_model()
2025-08-13 22:06:21,176:INFO:load_model(model_name=deployment_20231111, platform=None, authentication=None, verbose=True)
2025-08-13 22:06:21,177:WARNING:C:\Users\gueva\anaconda3\envs\py311\Lib\site-packages\sklearn\base.py:376: InconsistentVersionWarning: Trying to unpickle estimator SimpleImputer from version 1.2.2 when using version 1.4.2. This might lead to breaking code or invalid results. Use at your own risk. For more info please refer to:
https://scikit-learn.org/stable/model_persistence.html#security-maintainability-limitations
  warnings.warn(

2025-08-13 23:41:02,207:WARNING:
'cuml' is a soft dependency and not included in the pycaret installation. Please run: `pip install cuml` to install.
2025-08-13 23:41:02,207:WARNING:
'cuml' is a soft dependency and not included in the pycaret installation. Please run: `pip install cuml` to install.
2025-08-13 23:41:02,208:WARNING:
'cuml' is a soft dependency and not included in the pycaret installation. Please run: `pip install cuml` to install.
2025-08-13 23:41:02,208:WARNING:
'cuml' is a soft dependency and not included in the pycaret installation. Please run: `pip install cuml` to install.
2025-08-13 23:41:02,308:INFO:Initializing load_model()
2025-08-13 23:41:02,308:INFO:load_model(model_name=deployment_20231111, platform=None, authentication=None, verbose=True)
2025-08-13 23:41:02,318:WARNING:C:\Users\gueva\anaconda3\envs\py311\Lib\site-packages\sklearn\base.py:376: InconsistentVersionWarning: Trying to unpickle estimator SimpleImputer from version 1.2.2 when using version 1.4.2. This might lead to breaking code or invalid results. Use at your own risk. For more info please refer to:
https://scikit-learn.org/stable/model_persistence.html#security-maintainability-limitations
  warnings.warn(

2025-08-13 23:54:40,650:WARNING:
'cuml' is a soft dependency and not included in the pycaret installation. Please run: `pip install cuml` to install.
2025-08-13 23:54:40,650:WARNING:
'cuml' is a soft dependency and not included in the pycaret installation. Please run: `pip install cuml` to install.
2025-08-13 23:54:40,650:WARNING:
'cuml' is a soft dependency and not included in the pycaret installation. Please run: `pip install cuml` to install.
2025-08-13 23:54:40,650:WARNING:
'cuml' is a soft dependency and not included in the pycaret installation. Please run: `pip install cuml` to install.
2025-08-13 23:54:41,919:INFO:PyCaret RegressionExperiment
2025-08-13 23:54:41,919:INFO:Logging name: reg-default-name
2025-08-13 23:54:41,919:INFO:ML Usecase: MLUsecase.REGRESSION
2025-08-13 23:54:41,919:INFO:version 3.3.2
2025-08-13 23:54:41,919:INFO:Initializing setup()
2025-08-13 23:54:41,919:INFO:self.USI: 8eb6
2025-08-13 23:54:41,919:INFO:self._variable_keys: {'USI', 'data', 'exp_name_log', '_available_plots', 'fold_shuffle_param', 'y', 'X', 'y_train', 'X_test', 'fold_groups_param', 'transform_target_param', 'pipeline', 'gpu_param', 'log_plots_param', 'X_train', 'seed', 'exp_id', 'n_jobs_param', 'target_param', 'fold_generator', 'idx', '_ml_usecase', 'memory', 'y_test', 'html_param', 'logging_param', 'gpu_n_jobs_param'}
2025-08-13 23:54:41,919:INFO:Checking environment
2025-08-13 23:54:41,919:INFO:python_version: 3.11.13
2025-08-13 23:54:41,919:INFO:python_build: ('main', 'Jun  5 2025 13:03:15')
2025-08-13 23:54:41,919:INFO:machine: AMD64
2025-08-13 23:54:41,919:INFO:platform: Windows-10-10.0.26100-SP0
2025-08-13 23:54:41,919:INFO:Memory: svmem(total=33436499968, available=12661424128, percent=62.1, used=20775075840, free=12661424128)
2025-08-13 23:54:41,919:INFO:Physical Core: 8
2025-08-13 23:54:41,919:INFO:Logical Core: 16
2025-08-13 23:54:41,919:INFO:Checking libraries
2025-08-13 23:54:41,919:INFO:System:
2025-08-13 23:54:41,919:INFO:    python: 3.11.13 | packaged by Anaconda, Inc. | (main, Jun  5 2025, 13:03:15) [MSC v.1929 64 bit (AMD64)]
2025-08-13 23:54:41,919:INFO:executable: c:\Users\gueva\anaconda3\envs\py311\python.exe
2025-08-13 23:54:41,919:INFO:   machine: Windows-10-10.0.26100-SP0
2025-08-13 23:54:41,919:INFO:PyCaret required dependencies:
2025-08-13 23:54:41,944:INFO:                 pip: 25.1
2025-08-13 23:54:41,944:INFO:          setuptools: 78.1.1
2025-08-13 23:54:41,944:INFO:             pycaret: 3.3.2
2025-08-13 23:54:41,944:INFO:             IPython: 9.4.0
2025-08-13 23:54:41,944:INFO:          ipywidgets: 8.1.7
2025-08-13 23:54:41,944:INFO:                tqdm: 4.67.1
2025-08-13 23:54:41,944:INFO:               numpy: 1.26.4
2025-08-13 23:54:41,944:INFO:              pandas: 2.3.1
2025-08-13 23:54:41,944:INFO:              jinja2: 3.1.6
2025-08-13 23:54:41,944:INFO:               scipy: 1.11.4
2025-08-13 23:54:41,944:INFO:              joblib: 1.3.2
2025-08-13 23:54:41,944:INFO:             sklearn: 1.4.2
2025-08-13 23:54:41,944:INFO:                pyod: 2.0.5
2025-08-13 23:54:41,944:INFO:            imblearn: 0.13.0
2025-08-13 23:54:41,944:INFO:   category_encoders: 2.7.0
2025-08-13 23:54:41,944:INFO:            lightgbm: 4.6.0
2025-08-13 23:54:41,944:INFO:               numba: 0.61.2
2025-08-13 23:54:41,944:INFO:            requests: 2.32.4
2025-08-13 23:54:41,944:INFO:          matplotlib: 3.7.5
2025-08-13 23:54:41,944:INFO:          scikitplot: 0.3.7
2025-08-13 23:54:41,944:INFO:         yellowbrick: 1.5
2025-08-13 23:54:41,944:INFO:              plotly: 5.24.1
2025-08-13 23:54:41,944:INFO:    plotly-resampler: Not installed
2025-08-13 23:54:41,944:INFO:             kaleido: 1.0.0
2025-08-13 23:54:41,944:INFO:           schemdraw: 0.15
2025-08-13 23:54:41,944:INFO:         statsmodels: 0.14.5
2025-08-13 23:54:41,944:INFO:              sktime: 0.26.0
2025-08-13 23:54:41,944:INFO:               tbats: 1.1.3
2025-08-13 23:54:41,944:INFO:            pmdarima: 2.0.4
2025-08-13 23:54:41,944:INFO:              psutil: 7.0.0
2025-08-13 23:54:41,944:INFO:          markupsafe: 3.0.2
2025-08-13 23:54:41,944:INFO:             pickle5: Not installed
2025-08-13 23:54:41,945:INFO:         cloudpickle: 3.1.1
2025-08-13 23:54:41,945:INFO:         deprecation: 2.1.0
2025-08-13 23:54:41,945:INFO:              xxhash: 3.5.0
2025-08-13 23:54:41,945:INFO:           wurlitzer: Not installed
2025-08-13 23:54:41,945:INFO:PyCaret optional dependencies:
2025-08-13 23:54:41,952:INFO:                shap: Not installed
2025-08-13 23:54:41,952:INFO:           interpret: Not installed
2025-08-13 23:54:41,952:INFO:                umap: Not installed
2025-08-13 23:54:41,952:INFO:     ydata_profiling: Not installed
2025-08-13 23:54:41,953:INFO:  explainerdashboard: Not installed
2025-08-13 23:54:41,953:INFO:             autoviz: Not installed
2025-08-13 23:54:41,953:INFO:           fairlearn: Not installed
2025-08-13 23:54:41,953:INFO:          deepchecks: Not installed
2025-08-13 23:54:41,953:INFO:             xgboost: Not installed
2025-08-13 23:54:41,953:INFO:            catboost: Not installed
2025-08-13 23:54:41,953:INFO:              kmodes: Not installed
2025-08-13 23:54:41,953:INFO:             mlxtend: Not installed
2025-08-13 23:54:41,953:INFO:       statsforecast: Not installed
2025-08-13 23:54:41,953:INFO:        tune_sklearn: Not installed
2025-08-13 23:54:41,953:INFO:                 ray: Not installed
2025-08-13 23:54:41,953:INFO:            hyperopt: Not installed
2025-08-13 23:54:41,953:INFO:              optuna: Not installed
2025-08-13 23:54:41,953:INFO:               skopt: Not installed
2025-08-13 23:54:41,953:INFO:              mlflow: Not installed
2025-08-13 23:54:41,953:INFO:              gradio: Not installed
2025-08-13 23:54:41,953:INFO:             fastapi: Not installed
2025-08-13 23:54:41,953:INFO:             uvicorn: Not installed
2025-08-13 23:54:41,953:INFO:              m2cgen: Not installed
2025-08-13 23:54:41,953:INFO:           evidently: Not installed
2025-08-13 23:54:41,953:INFO:               fugue: Not installed
2025-08-13 23:54:41,953:INFO:           streamlit: Not installed
2025-08-13 23:54:41,953:INFO:             prophet: Not installed
2025-08-13 23:54:41,953:INFO:None
2025-08-13 23:54:41,953:INFO:Set up data.
2025-08-13 23:54:41,957:INFO:Set up folding strategy.
2025-08-13 23:54:41,957:INFO:Set up train/test split.
2025-08-13 23:54:41,959:INFO:Set up index.
2025-08-13 23:54:41,959:INFO:Assigning column types.
2025-08-13 23:54:41,961:INFO:Engine successfully changes for model 'lr' to 'sklearn'.
2025-08-13 23:54:41,961:INFO:Engine for model 'lasso' has not been set explicitly, hence returning None.
2025-08-13 23:54:41,962:INFO:Engine for model 'ridge' has not been set explicitly, hence returning None.
2025-08-13 23:54:41,966:INFO:Engine for model 'en' has not been set explicitly, hence returning None.
2025-08-13 23:54:41,996:INFO:Engine for model 'svm' has not been set explicitly, hence returning None.
2025-08-13 23:54:42,019:INFO:Engine for model 'knn' has not been set explicitly, hence returning None.
2025-08-13 23:54:42,019:WARNING:
'xgboost' is a soft dependency and not included in the pycaret installation. Please run: `pip install xgboost` to install.
Alternately, you can install this by running `pip install pycaret[models]`
2025-08-13 23:54:42,019:WARNING:
'catboost' is a soft dependency and not included in the pycaret installation. Please run: `pip install catboost` to install.
Alternately, you can install this by running `pip install pycaret[models]`
2025-08-13 23:54:42,020:INFO:Engine for model 'lasso' has not been set explicitly, hence returning None.
2025-08-13 23:54:42,021:INFO:Engine for model 'ridge' has not been set explicitly, hence returning None.
2025-08-13 23:54:42,026:INFO:Engine for model 'en' has not been set explicitly, hence returning None.
2025-08-13 23:54:42,055:INFO:Engine for model 'svm' has not been set explicitly, hence returning None.
2025-08-13 23:54:42,076:INFO:Engine for model 'knn' has not been set explicitly, hence returning None.
2025-08-13 23:54:42,077:WARNING:
'xgboost' is a soft dependency and not included in the pycaret installation. Please run: `pip install xgboost` to install.
Alternately, you can install this by running `pip install pycaret[models]`
2025-08-13 23:54:42,077:WARNING:
'catboost' is a soft dependency and not included in the pycaret installation. Please run: `pip install catboost` to install.
Alternately, you can install this by running `pip install pycaret[models]`
2025-08-13 23:54:42,077:INFO:Engine successfully changes for model 'lasso' to 'sklearn'.
2025-08-13 23:54:42,080:INFO:Engine for model 'ridge' has not been set explicitly, hence returning None.
2025-08-13 23:54:42,082:INFO:Engine for model 'en' has not been set explicitly, hence returning None.
2025-08-13 23:54:42,110:INFO:Engine for model 'svm' has not been set explicitly, hence returning None.
2025-08-13 23:54:42,131:INFO:Engine for model 'knn' has not been set explicitly, hence returning None.
2025-08-13 23:54:42,203:WARNING:
'xgboost' is a soft dependency and not included in the pycaret installation. Please run: `pip install xgboost` to install.
Alternately, you can install this by running `pip install pycaret[models]`
2025-08-13 23:54:42,203:WARNING:
'catboost' is a soft dependency and not included in the pycaret installation. Please run: `pip install catboost` to install.
Alternately, you can install this by running `pip install pycaret[models]`
2025-08-13 23:54:42,206:INFO:Engine for model 'ridge' has not been set explicitly, hence returning None.
2025-08-13 23:54:42,207:INFO:Engine for model 'en' has not been set explicitly, hence returning None.
2025-08-13 23:54:42,237:INFO:Engine for model 'svm' has not been set explicitly, hence returning None.
2025-08-13 23:54:42,259:INFO:Engine for model 'knn' has not been set explicitly, hence returning None.
2025-08-13 23:54:42,259:WARNING:
'xgboost' is a soft dependency and not included in the pycaret installation. Please run: `pip install xgboost` to install.
Alternately, you can install this by running `pip install pycaret[models]`
2025-08-13 23:54:42,259:WARNING:
'catboost' is a soft dependency and not included in the pycaret installation. Please run: `pip install catboost` to install.
Alternately, you can install this by running `pip install pycaret[models]`
2025-08-13 23:54:42,259:INFO:Engine successfully changes for model 'ridge' to 'sklearn'.
2025-08-13 23:54:42,264:INFO:Engine for model 'en' has not been set explicitly, hence returning None.
2025-08-13 23:54:42,292:INFO:Engine for model 'svm' has not been set explicitly, hence returning None.
2025-08-13 23:54:42,315:INFO:Engine for model 'knn' has not been set explicitly, hence returning None.
2025-08-13 23:54:42,316:WARNING:
'xgboost' is a soft dependency and not included in the pycaret installation. Please run: `pip install xgboost` to install.
Alternately, you can install this by running `pip install pycaret[models]`
2025-08-13 23:54:42,316:WARNING:
'catboost' is a soft dependency and not included in the pycaret installation. Please run: `pip install catboost` to install.
Alternately, you can install this by running `pip install pycaret[models]`
2025-08-13 23:54:42,320:INFO:Engine for model 'en' has not been set explicitly, hence returning None.
2025-08-13 23:54:42,349:INFO:Engine for model 'svm' has not been set explicitly, hence returning None.
2025-08-13 23:54:42,371:INFO:Engine for model 'knn' has not been set explicitly, hence returning None.
2025-08-13 23:54:42,371:WARNING:
'xgboost' is a soft dependency and not included in the pycaret installation. Please run: `pip install xgboost` to install.
Alternately, you can install this by running `pip install pycaret[models]`
2025-08-13 23:54:42,371:WARNING:
'catboost' is a soft dependency and not included in the pycaret installation. Please run: `pip install catboost` to install.
Alternately, you can install this by running `pip install pycaret[models]`
2025-08-13 23:54:42,371:INFO:Engine successfully changes for model 'en' to 'sklearn'.
2025-08-13 23:54:42,405:INFO:Engine for model 'svm' has not been set explicitly, hence returning None.
2025-08-13 23:54:42,428:INFO:Engine for model 'knn' has not been set explicitly, hence returning None.
2025-08-13 23:54:42,428:WARNING:
'xgboost' is a soft dependency and not included in the pycaret installation. Please run: `pip install xgboost` to install.
Alternately, you can install this by running `pip install pycaret[models]`
2025-08-13 23:54:42,428:WARNING:
'catboost' is a soft dependency and not included in the pycaret installation. Please run: `pip install catboost` to install.
Alternately, you can install this by running `pip install pycaret[models]`
2025-08-13 23:54:42,465:INFO:Engine for model 'svm' has not been set explicitly, hence returning None.
2025-08-13 23:54:42,488:INFO:Engine for model 'knn' has not been set explicitly, hence returning None.
2025-08-13 23:54:42,488:WARNING:
'xgboost' is a soft dependency and not included in the pycaret installation. Please run: `pip install xgboost` to install.
Alternately, you can install this by running `pip install pycaret[models]`
2025-08-13 23:54:42,488:WARNING:
'catboost' is a soft dependency and not included in the pycaret installation. Please run: `pip install catboost` to install.
Alternately, you can install this by running `pip install pycaret[models]`
2025-08-13 23:54:42,488:INFO:Engine successfully changes for model 'knn' to 'sklearn'.
2025-08-13 23:54:42,523:INFO:Engine for model 'svm' has not been set explicitly, hence returning None.
2025-08-13 23:54:42,552:WARNING:
'xgboost' is a soft dependency and not included in the pycaret installation. Please run: `pip install xgboost` to install.
Alternately, you can install this by running `pip install pycaret[models]`
2025-08-13 23:54:42,552:WARNING:
'catboost' is a soft dependency and not included in the pycaret installation. Please run: `pip install catboost` to install.
Alternately, you can install this by running `pip install pycaret[models]`
2025-08-13 23:54:42,585:INFO:Engine for model 'svm' has not been set explicitly, hence returning None.
2025-08-13 23:54:42,608:WARNING:
'xgboost' is a soft dependency and not included in the pycaret installation. Please run: `pip install xgboost` to install.
Alternately, you can install this by running `pip install pycaret[models]`
2025-08-13 23:54:42,608:WARNING:
'catboost' is a soft dependency and not included in the pycaret installation. Please run: `pip install catboost` to install.
Alternately, you can install this by running `pip install pycaret[models]`
2025-08-13 23:54:42,609:INFO:Engine successfully changes for model 'svm' to 'sklearn'.
2025-08-13 23:54:42,665:WARNING:
'xgboost' is a soft dependency and not included in the pycaret installation. Please run: `pip install xgboost` to install.
Alternately, you can install this by running `pip install pycaret[models]`
2025-08-13 23:54:42,666:WARNING:
'catboost' is a soft dependency and not included in the pycaret installation. Please run: `pip install catboost` to install.
Alternately, you can install this by running `pip install pycaret[models]`
2025-08-13 23:54:42,721:WARNING:
'xgboost' is a soft dependency and not included in the pycaret installation. Please run: `pip install xgboost` to install.
Alternately, you can install this by running `pip install pycaret[models]`
2025-08-13 23:54:42,721:WARNING:
'catboost' is a soft dependency and not included in the pycaret installation. Please run: `pip install catboost` to install.
Alternately, you can install this by running `pip install pycaret[models]`
2025-08-13 23:54:42,724:INFO:Preparing preprocessing pipeline...
2025-08-13 23:54:42,724:INFO:Set up simple imputation.
2025-08-13 23:54:42,726:INFO:Set up encoding of ordinal features.
2025-08-13 23:54:42,727:INFO:Set up encoding of categorical features.
2025-08-13 23:54:42,768:INFO:Finished creating preprocessing pipeline.
2025-08-13 23:54:42,784:INFO:Pipeline: Pipeline(memory=FastMemory(location=C:\Users\gueva\AppData\Local\Temp\joblib),
         steps=[('numerical_imputer',
                 TransformerWrapper(include=['age', 'bmi', 'children'],
                                    transformer=SimpleImputer())),
                ('categorical_imputer',
                 TransformerWrapper(include=['sex', 'smoker', 'region'],
                                    transformer=SimpleImputer(strategy='most_frequent'))),
                ('ordinal_encoding',
                 TransformerW...
                                                                     'smoker'],
                                                               handle_missing='return_nan',
                                                               mapping=[{'col': 'sex',
                                                                         'data_type': dtype('O'),
                                                                         'mapping': female    0
male      1
NaN      -1
dtype: int64},
                                                                        {'col': 'smoker',
                                                                         'data_type': dtype('O'),
                                                                         'mapping': no     0
yes    1
NaN   -1
dtype: int64}]))),
                ('onehot_encoding',
                 TransformerWrapper(include=['region'],
                                    transformer=OneHotEncoder(cols=['region'],
                                                              handle_missing='return_nan',
                                                              use_cat_names=True)))])
2025-08-13 23:54:42,784:INFO:Creating final display dataframe.
2025-08-13 23:54:42,877:INFO:Setup _display_container:                     Description             Value
0                    Session id               123
1                        Target           charges
2                   Target type        Regression
3           Original data shape         (1338, 7)
4        Transformed data shape        (1338, 10)
5   Transformed train set shape         (936, 10)
6    Transformed test set shape         (402, 10)
7              Numeric features                 3
8          Categorical features                 3
9                    Preprocess              True
10              Imputation type            simple
11           Numeric imputation              mean
12       Categorical imputation              mode
13     Maximum one-hot encoding                25
14              Encoding method              None
15               Fold Generator             KFold
16                  Fold Number                10
17                     CPU Jobs                -1
18                      Use GPU             False
19               Log Experiment             False
20              Experiment Name  reg-default-name
21                          USI              8eb6
2025-08-13 23:54:42,936:WARNING:
'xgboost' is a soft dependency and not included in the pycaret installation. Please run: `pip install xgboost` to install.
Alternately, you can install this by running `pip install pycaret[models]`
2025-08-13 23:54:42,936:WARNING:
'catboost' is a soft dependency and not included in the pycaret installation. Please run: `pip install catboost` to install.
Alternately, you can install this by running `pip install pycaret[models]`
2025-08-13 23:54:42,993:WARNING:
'xgboost' is a soft dependency and not included in the pycaret installation. Please run: `pip install xgboost` to install.
Alternately, you can install this by running `pip install pycaret[models]`
2025-08-13 23:54:42,993:WARNING:
'catboost' is a soft dependency and not included in the pycaret installation. Please run: `pip install catboost` to install.
Alternately, you can install this by running `pip install pycaret[models]`
2025-08-13 23:54:42,994:INFO:setup() successfully completed in 1.08s...............
2025-08-13 23:54:43,801:INFO:Initializing create_model()
2025-08-13 23:54:43,801:INFO:create_model(self=<pycaret.regression.oop.RegressionExperiment object at 0x000001549FCF3990>, estimator=lr, fold=None, round=4, cross_validation=True, predict=True, fit_kwargs=None, groups=None, refit=True, probability_threshold=None, experiment_custom_tags=None, verbose=True, system=True, add_to_model_list=True, metrics=None, display=None, model_only=True, return_train_score=False, error_score=0.0, kwargs={})
2025-08-13 23:54:43,801:INFO:Checking exceptions
2025-08-13 23:54:43,809:INFO:Importing libraries
2025-08-13 23:54:43,809:INFO:Copying training dataset
2025-08-13 23:54:43,811:INFO:Defining folds
2025-08-13 23:54:43,811:INFO:Declaring metric variables
2025-08-13 23:54:43,813:INFO:Importing untrained model
2025-08-13 23:54:43,816:INFO:Linear Regression Imported successfully
2025-08-13 23:54:43,819:INFO:Starting cross validation
2025-08-13 23:54:43,828:INFO:Cross validating with KFold(n_splits=10, random_state=None, shuffle=False), n_jobs=-1
2025-08-13 23:54:46,501:INFO:Calculating mean and std
2025-08-13 23:54:46,502:INFO:Creating metrics dataframe
2025-08-13 23:54:46,507:INFO:Finalizing model
2025-08-13 23:54:46,540:INFO:Uploading results into container
2025-08-13 23:54:46,540:INFO:Uploading model into container now
2025-08-13 23:54:46,547:INFO:_master_model_container: 1
2025-08-13 23:54:46,548:INFO:_display_container: 2
2025-08-13 23:54:46,548:INFO:LinearRegression(n_jobs=-1)
2025-08-13 23:54:46,548:INFO:create_model() successfully completed......................................
2025-08-13 23:54:46,624:INFO:Initializing plot_model()
2025-08-13 23:54:46,624:INFO:plot_model(self=<pycaret.regression.oop.RegressionExperiment object at 0x000001549FCF3990>, estimator=LinearRegression(n_jobs=-1), plot=residuals, scale=1, save=False, fold=None, fit_kwargs=None, plot_kwargs=None, groups=None, feature_name=None, label=False, verbose=True, system=True, display=None, display_format=None)
2025-08-13 23:54:46,624:INFO:Checking exceptions
2025-08-13 23:54:46,626:INFO:Preloading libraries
2025-08-13 23:54:46,626:INFO:Copying training dataset
2025-08-13 23:54:46,626:INFO:Plot type: residuals
2025-08-13 23:54:46,747:INFO:Fitting Model
2025-08-13 23:54:46,748:WARNING:c:\Users\gueva\anaconda3\envs\py311\Lib\site-packages\sklearn\base.py:493: UserWarning: X does not have valid feature names, but LinearRegression was fitted with feature names
  warnings.warn(

2025-08-13 23:54:46,777:INFO:Scoring test/hold-out set
2025-08-13 23:54:47,050:INFO:Visual Rendered Successfully
2025-08-13 23:54:47,123:INFO:plot_model() successfully completed......................................
2025-08-13 23:54:47,133:INFO:PyCaret RegressionExperiment
2025-08-13 23:54:47,133:INFO:Logging name: reg-default-name
2025-08-13 23:54:47,133:INFO:ML Usecase: MLUsecase.REGRESSION
2025-08-13 23:54:47,133:INFO:version 3.3.2
2025-08-13 23:54:47,133:INFO:Initializing setup()
2025-08-13 23:54:47,133:INFO:self.USI: 784f
2025-08-13 23:54:47,133:INFO:self._variable_keys: {'USI', 'data', 'exp_name_log', '_available_plots', 'fold_shuffle_param', 'y', 'X', 'y_train', 'X_test', 'fold_groups_param', 'transform_target_param', 'pipeline', 'gpu_param', 'log_plots_param', 'X_train', 'seed', 'exp_id', 'n_jobs_param', 'target_param', 'fold_generator', 'idx', '_ml_usecase', 'memory', 'y_test', 'html_param', 'logging_param', 'gpu_n_jobs_param'}
2025-08-13 23:54:47,133:INFO:Checking environment
2025-08-13 23:54:47,133:INFO:python_version: 3.11.13
2025-08-13 23:54:47,133:INFO:python_build: ('main', 'Jun  5 2025 13:03:15')
2025-08-13 23:54:47,133:INFO:machine: AMD64
2025-08-13 23:54:47,133:INFO:platform: Windows-10-10.0.26100-SP0
2025-08-13 23:54:47,133:INFO:Memory: svmem(total=33436499968, available=11177684992, percent=66.6, used=22258814976, free=11177684992)
2025-08-13 23:54:47,133:INFO:Physical Core: 8
2025-08-13 23:54:47,133:INFO:Logical Core: 16
2025-08-13 23:54:47,133:INFO:Checking libraries
2025-08-13 23:54:47,133:INFO:System:
2025-08-13 23:54:47,133:INFO:    python: 3.11.13 | packaged by Anaconda, Inc. | (main, Jun  5 2025, 13:03:15) [MSC v.1929 64 bit (AMD64)]
2025-08-13 23:54:47,133:INFO:executable: c:\Users\gueva\anaconda3\envs\py311\python.exe
2025-08-13 23:54:47,133:INFO:   machine: Windows-10-10.0.26100-SP0
2025-08-13 23:54:47,133:INFO:PyCaret required dependencies:
2025-08-13 23:54:47,133:INFO:                 pip: 25.1
2025-08-13 23:54:47,133:INFO:          setuptools: 78.1.1
2025-08-13 23:54:47,135:INFO:             pycaret: 3.3.2
2025-08-13 23:54:47,135:INFO:             IPython: 9.4.0
2025-08-13 23:54:47,135:INFO:          ipywidgets: 8.1.7
2025-08-13 23:54:47,135:INFO:                tqdm: 4.67.1
2025-08-13 23:54:47,135:INFO:               numpy: 1.26.4
2025-08-13 23:54:47,135:INFO:              pandas: 2.3.1
2025-08-13 23:54:47,135:INFO:              jinja2: 3.1.6
2025-08-13 23:54:47,135:INFO:               scipy: 1.11.4
2025-08-13 23:54:47,135:INFO:              joblib: 1.3.2
2025-08-13 23:54:47,135:INFO:             sklearn: 1.4.2
2025-08-13 23:54:47,135:INFO:                pyod: 2.0.5
2025-08-13 23:54:47,135:INFO:            imblearn: 0.13.0
2025-08-13 23:54:47,135:INFO:   category_encoders: 2.7.0
2025-08-13 23:54:47,135:INFO:            lightgbm: 4.6.0
2025-08-13 23:54:47,135:INFO:               numba: 0.61.2
2025-08-13 23:54:47,135:INFO:            requests: 2.32.4
2025-08-13 23:54:47,135:INFO:          matplotlib: 3.7.5
2025-08-13 23:54:47,135:INFO:          scikitplot: 0.3.7
2025-08-13 23:54:47,135:INFO:         yellowbrick: 1.5
2025-08-13 23:54:47,135:INFO:              plotly: 5.24.1
2025-08-13 23:54:47,135:INFO:    plotly-resampler: Not installed
2025-08-13 23:54:47,135:INFO:             kaleido: 1.0.0
2025-08-13 23:54:47,135:INFO:           schemdraw: 0.15
2025-08-13 23:54:47,135:INFO:         statsmodels: 0.14.5
2025-08-13 23:54:47,135:INFO:              sktime: 0.26.0
2025-08-13 23:54:47,135:INFO:               tbats: 1.1.3
2025-08-13 23:54:47,135:INFO:            pmdarima: 2.0.4
2025-08-13 23:54:47,135:INFO:              psutil: 7.0.0
2025-08-13 23:54:47,135:INFO:          markupsafe: 3.0.2
2025-08-13 23:54:47,135:INFO:             pickle5: Not installed
2025-08-13 23:54:47,135:INFO:         cloudpickle: 3.1.1
2025-08-13 23:54:47,135:INFO:         deprecation: 2.1.0
2025-08-13 23:54:47,135:INFO:              xxhash: 3.5.0
2025-08-13 23:54:47,135:INFO:           wurlitzer: Not installed
2025-08-13 23:54:47,135:INFO:PyCaret optional dependencies:
2025-08-13 23:54:47,136:INFO:                shap: Not installed
2025-08-13 23:54:47,136:INFO:           interpret: Not installed
2025-08-13 23:54:47,136:INFO:                umap: Not installed
2025-08-13 23:54:47,136:INFO:     ydata_profiling: Not installed
2025-08-13 23:54:47,136:INFO:  explainerdashboard: Not installed
2025-08-13 23:54:47,136:INFO:             autoviz: Not installed
2025-08-13 23:54:47,136:INFO:           fairlearn: Not installed
2025-08-13 23:54:47,136:INFO:          deepchecks: Not installed
2025-08-13 23:54:47,136:INFO:             xgboost: Not installed
2025-08-13 23:54:47,136:INFO:            catboost: Not installed
2025-08-13 23:54:47,136:INFO:              kmodes: Not installed
2025-08-13 23:54:47,136:INFO:             mlxtend: Not installed
2025-08-13 23:54:47,136:INFO:       statsforecast: Not installed
2025-08-13 23:54:47,136:INFO:        tune_sklearn: Not installed
2025-08-13 23:54:47,136:INFO:                 ray: Not installed
2025-08-13 23:54:47,136:INFO:            hyperopt: Not installed
2025-08-13 23:54:47,136:INFO:              optuna: Not installed
2025-08-13 23:54:47,136:INFO:               skopt: Not installed
2025-08-13 23:54:47,136:INFO:              mlflow: Not installed
2025-08-13 23:54:47,136:INFO:              gradio: Not installed
2025-08-13 23:54:47,136:INFO:             fastapi: Not installed
2025-08-13 23:54:47,136:INFO:             uvicorn: Not installed
2025-08-13 23:54:47,136:INFO:              m2cgen: Not installed
2025-08-13 23:54:47,136:INFO:           evidently: Not installed
2025-08-13 23:54:47,136:INFO:               fugue: Not installed
2025-08-13 23:54:47,136:INFO:           streamlit: Not installed
2025-08-13 23:54:47,136:INFO:             prophet: Not installed
2025-08-13 23:54:47,136:INFO:None
2025-08-13 23:54:47,136:INFO:Set up data.
2025-08-13 23:54:47,139:INFO:Set up folding strategy.
2025-08-13 23:54:47,139:INFO:Set up train/test split.
2025-08-13 23:54:47,141:INFO:Set up index.
2025-08-13 23:54:47,141:INFO:Assigning column types.
2025-08-13 23:54:47,142:INFO:Engine successfully changes for model 'lr' to 'sklearn'.
2025-08-13 23:54:47,142:INFO:Engine for model 'lasso' has not been set explicitly, hence returning None.
2025-08-13 23:54:47,145:INFO:Engine for model 'ridge' has not been set explicitly, hence returning None.
2025-08-13 23:54:47,148:INFO:Engine for model 'en' has not been set explicitly, hence returning None.
2025-08-13 23:54:47,191:INFO:Engine for model 'svm' has not been set explicitly, hence returning None.
2025-08-13 23:54:47,216:INFO:Engine for model 'knn' has not been set explicitly, hence returning None.
2025-08-13 23:54:47,216:WARNING:
'xgboost' is a soft dependency and not included in the pycaret installation. Please run: `pip install xgboost` to install.
Alternately, you can install this by running `pip install pycaret[models]`
2025-08-13 23:54:47,216:WARNING:
'catboost' is a soft dependency and not included in the pycaret installation. Please run: `pip install catboost` to install.
Alternately, you can install this by running `pip install pycaret[models]`
2025-08-13 23:54:47,216:INFO:Engine for model 'lasso' has not been set explicitly, hence returning None.
2025-08-13 23:54:47,218:INFO:Engine for model 'ridge' has not been set explicitly, hence returning None.
2025-08-13 23:54:47,221:INFO:Engine for model 'en' has not been set explicitly, hence returning None.
2025-08-13 23:54:47,249:INFO:Engine for model 'svm' has not been set explicitly, hence returning None.
2025-08-13 23:54:47,272:INFO:Engine for model 'knn' has not been set explicitly, hence returning None.
2025-08-13 23:54:47,272:WARNING:
'xgboost' is a soft dependency and not included in the pycaret installation. Please run: `pip install xgboost` to install.
Alternately, you can install this by running `pip install pycaret[models]`
2025-08-13 23:54:47,272:WARNING:
'catboost' is a soft dependency and not included in the pycaret installation. Please run: `pip install catboost` to install.
Alternately, you can install this by running `pip install pycaret[models]`
2025-08-13 23:54:47,273:INFO:Engine successfully changes for model 'lasso' to 'sklearn'.
2025-08-13 23:54:47,275:INFO:Engine for model 'ridge' has not been set explicitly, hence returning None.
2025-08-13 23:54:47,277:INFO:Engine for model 'en' has not been set explicitly, hence returning None.
2025-08-13 23:54:47,305:INFO:Engine for model 'svm' has not been set explicitly, hence returning None.
2025-08-13 23:54:47,326:INFO:Engine for model 'knn' has not been set explicitly, hence returning None.
2025-08-13 23:54:47,327:WARNING:
'xgboost' is a soft dependency and not included in the pycaret installation. Please run: `pip install xgboost` to install.
Alternately, you can install this by running `pip install pycaret[models]`
2025-08-13 23:54:47,327:WARNING:
'catboost' is a soft dependency and not included in the pycaret installation. Please run: `pip install catboost` to install.
Alternately, you can install this by running `pip install pycaret[models]`
2025-08-13 23:54:47,329:INFO:Engine for model 'ridge' has not been set explicitly, hence returning None.
2025-08-13 23:54:47,331:INFO:Engine for model 'en' has not been set explicitly, hence returning None.
2025-08-13 23:54:47,360:INFO:Engine for model 'svm' has not been set explicitly, hence returning None.
2025-08-13 23:54:47,383:INFO:Engine for model 'knn' has not been set explicitly, hence returning None.
2025-08-13 23:54:47,384:WARNING:
'xgboost' is a soft dependency and not included in the pycaret installation. Please run: `pip install xgboost` to install.
Alternately, you can install this by running `pip install pycaret[models]`
2025-08-13 23:54:47,384:WARNING:
'catboost' is a soft dependency and not included in the pycaret installation. Please run: `pip install catboost` to install.
Alternately, you can install this by running `pip install pycaret[models]`
2025-08-13 23:54:47,384:INFO:Engine successfully changes for model 'ridge' to 'sklearn'.
2025-08-13 23:54:47,388:INFO:Engine for model 'en' has not been set explicitly, hence returning None.
2025-08-13 23:54:47,418:INFO:Engine for model 'svm' has not been set explicitly, hence returning None.
2025-08-13 23:54:47,440:INFO:Engine for model 'knn' has not been set explicitly, hence returning None.
2025-08-13 23:54:47,440:WARNING:
'xgboost' is a soft dependency and not included in the pycaret installation. Please run: `pip install xgboost` to install.
Alternately, you can install this by running `pip install pycaret[models]`
2025-08-13 23:54:47,440:WARNING:
'catboost' is a soft dependency and not included in the pycaret installation. Please run: `pip install catboost` to install.
Alternately, you can install this by running `pip install pycaret[models]`
2025-08-13 23:54:47,446:INFO:Engine for model 'en' has not been set explicitly, hence returning None.
2025-08-13 23:54:47,474:INFO:Engine for model 'svm' has not been set explicitly, hence returning None.
2025-08-13 23:54:47,497:INFO:Engine for model 'knn' has not been set explicitly, hence returning None.
2025-08-13 23:54:47,498:WARNING:
'xgboost' is a soft dependency and not included in the pycaret installation. Please run: `pip install xgboost` to install.
Alternately, you can install this by running `pip install pycaret[models]`
2025-08-13 23:54:47,498:WARNING:
'catboost' is a soft dependency and not included in the pycaret installation. Please run: `pip install catboost` to install.
Alternately, you can install this by running `pip install pycaret[models]`
2025-08-13 23:54:47,498:INFO:Engine successfully changes for model 'en' to 'sklearn'.
2025-08-13 23:54:47,531:INFO:Engine for model 'svm' has not been set explicitly, hence returning None.
2025-08-13 23:54:47,554:INFO:Engine for model 'knn' has not been set explicitly, hence returning None.
2025-08-13 23:54:47,555:WARNING:
'xgboost' is a soft dependency and not included in the pycaret installation. Please run: `pip install xgboost` to install.
Alternately, you can install this by running `pip install pycaret[models]`
2025-08-13 23:54:47,555:WARNING:
'catboost' is a soft dependency and not included in the pycaret installation. Please run: `pip install catboost` to install.
Alternately, you can install this by running `pip install pycaret[models]`
2025-08-13 23:54:47,589:INFO:Engine for model 'svm' has not been set explicitly, hence returning None.
2025-08-13 23:54:47,610:INFO:Engine for model 'knn' has not been set explicitly, hence returning None.
2025-08-13 23:54:47,611:WARNING:
'xgboost' is a soft dependency and not included in the pycaret installation. Please run: `pip install xgboost` to install.
Alternately, you can install this by running `pip install pycaret[models]`
2025-08-13 23:54:47,611:WARNING:
'catboost' is a soft dependency and not included in the pycaret installation. Please run: `pip install catboost` to install.
Alternately, you can install this by running `pip install pycaret[models]`
2025-08-13 23:54:47,611:INFO:Engine successfully changes for model 'knn' to 'sklearn'.
2025-08-13 23:54:47,644:INFO:Engine for model 'svm' has not been set explicitly, hence returning None.
2025-08-13 23:54:47,667:WARNING:
'xgboost' is a soft dependency and not included in the pycaret installation. Please run: `pip install xgboost` to install.
Alternately, you can install this by running `pip install pycaret[models]`
2025-08-13 23:54:47,667:WARNING:
'catboost' is a soft dependency and not included in the pycaret installation. Please run: `pip install catboost` to install.
Alternately, you can install this by running `pip install pycaret[models]`
2025-08-13 23:54:47,702:INFO:Engine for model 'svm' has not been set explicitly, hence returning None.
2025-08-13 23:54:47,730:WARNING:
'xgboost' is a soft dependency and not included in the pycaret installation. Please run: `pip install xgboost` to install.
Alternately, you can install this by running `pip install pycaret[models]`
2025-08-13 23:54:47,730:WARNING:
'catboost' is a soft dependency and not included in the pycaret installation. Please run: `pip install catboost` to install.
Alternately, you can install this by running `pip install pycaret[models]`
2025-08-13 23:54:47,730:INFO:Engine successfully changes for model 'svm' to 'sklearn'.
2025-08-13 23:54:47,785:WARNING:
'xgboost' is a soft dependency and not included in the pycaret installation. Please run: `pip install xgboost` to install.
Alternately, you can install this by running `pip install pycaret[models]`
2025-08-13 23:54:47,786:WARNING:
'catboost' is a soft dependency and not included in the pycaret installation. Please run: `pip install catboost` to install.
Alternately, you can install this by running `pip install pycaret[models]`
2025-08-13 23:54:47,842:WARNING:
'xgboost' is a soft dependency and not included in the pycaret installation. Please run: `pip install xgboost` to install.
Alternately, you can install this by running `pip install pycaret[models]`
2025-08-13 23:54:47,842:WARNING:
'catboost' is a soft dependency and not included in the pycaret installation. Please run: `pip install catboost` to install.
Alternately, you can install this by running `pip install pycaret[models]`
2025-08-13 23:54:47,843:INFO:Preparing preprocessing pipeline...
2025-08-13 23:54:47,843:INFO:Set up simple imputation.
2025-08-13 23:54:47,844:INFO:Set up encoding of ordinal features.
2025-08-13 23:54:47,845:INFO:Set up encoding of categorical features.
2025-08-13 23:54:47,845:INFO:Set up polynomial features.
2025-08-13 23:54:47,845:INFO:Set up feature normalization.
2025-08-13 23:54:47,891:INFO:Finished creating preprocessing pipeline.
2025-08-13 23:54:47,908:INFO:Pipeline: Pipeline(memory=FastMemory(location=C:\Users\gueva\AppData\Local\Temp\joblib),
         steps=[('numerical_imputer',
                 TransformerWrapper(include=['age', 'bmi', 'children'],
                                    transformer=SimpleImputer())),
                ('categorical_imputer',
                 TransformerWrapper(include=['sex', 'smoker', 'region'],
                                    transformer=SimpleImputer(strategy='most_frequent'))),
                ('ordinal_encoding',
                 TransformerW...
                                                                         'data_type': dtype('O'),
                                                                         'mapping': no     0
yes    1
NaN   -1
dtype: int64}]))),
                ('onehot_encoding',
                 TransformerWrapper(include=['region'],
                                    transformer=OneHotEncoder(cols=['region'],
                                                              handle_missing='return_nan',
                                                              use_cat_names=True))),
                ('polynomial_features',
                 TransformerWrapper(transformer=PolynomialFeatures(include_bias=False))),
                ('normalize',
                 TransformerWrapper(transformer=StandardScaler()))])
2025-08-13 23:54:47,908:INFO:Creating final display dataframe.
2025-08-13 23:54:48,015:INFO:Setup _display_container:                     Description             Value
0                    Session id               123
1                        Target           charges
2                   Target type        Regression
3           Original data shape         (1338, 7)
4        Transformed data shape        (1338, 55)
5   Transformed train set shape         (936, 55)
6    Transformed test set shape         (402, 55)
7              Numeric features                 3
8          Categorical features                 3
9                    Preprocess              True
10              Imputation type            simple
11           Numeric imputation              mean
12       Categorical imputation              mode
13     Maximum one-hot encoding                25
14              Encoding method              None
15          Polynomial features              True
16            Polynomial degree                 2
17                    Normalize              True
18             Normalize method            zscore
19               Fold Generator             KFold
20                  Fold Number                10
21                     CPU Jobs                -1
22                      Use GPU             False
23               Log Experiment             False
24              Experiment Name  reg-default-name
25                          USI              784f
2025-08-13 23:54:48,077:WARNING:
'xgboost' is a soft dependency and not included in the pycaret installation. Please run: `pip install xgboost` to install.
Alternately, you can install this by running `pip install pycaret[models]`
2025-08-13 23:54:48,078:WARNING:
'catboost' is a soft dependency and not included in the pycaret installation. Please run: `pip install catboost` to install.
Alternately, you can install this by running `pip install pycaret[models]`
2025-08-13 23:54:48,135:WARNING:
'xgboost' is a soft dependency and not included in the pycaret installation. Please run: `pip install xgboost` to install.
Alternately, you can install this by running `pip install pycaret[models]`
2025-08-13 23:54:48,135:WARNING:
'catboost' is a soft dependency and not included in the pycaret installation. Please run: `pip install catboost` to install.
Alternately, you can install this by running `pip install pycaret[models]`
2025-08-13 23:54:48,135:INFO:setup() successfully completed in 1.0s...............
2025-08-13 23:54:48,140:INFO:Initializing create_model()
2025-08-13 23:54:48,140:INFO:create_model(self=<pycaret.regression.oop.RegressionExperiment object at 0x00000154A0909690>, estimator=lr, fold=None, round=4, cross_validation=True, predict=True, fit_kwargs=None, groups=None, refit=True, probability_threshold=None, experiment_custom_tags=None, verbose=True, system=True, add_to_model_list=True, metrics=None, display=None, model_only=True, return_train_score=False, error_score=0.0, kwargs={})
2025-08-13 23:54:48,140:INFO:Checking exceptions
2025-08-13 23:54:48,147:INFO:Importing libraries
2025-08-13 23:54:48,147:INFO:Copying training dataset
2025-08-13 23:54:48,148:INFO:Defining folds
2025-08-13 23:54:48,149:INFO:Declaring metric variables
2025-08-13 23:54:48,149:INFO:Importing untrained model
2025-08-13 23:54:48,151:INFO:Linear Regression Imported successfully
2025-08-13 23:54:48,154:INFO:Starting cross validation
2025-08-13 23:54:48,155:INFO:Cross validating with KFold(n_splits=10, random_state=None, shuffle=False), n_jobs=-1
2025-08-13 23:54:49,922:INFO:Calculating mean and std
2025-08-13 23:54:49,923:INFO:Creating metrics dataframe
2025-08-13 23:54:49,927:INFO:Finalizing model
2025-08-13 23:54:49,964:INFO:Uploading results into container
2025-08-13 23:54:49,965:INFO:Uploading model into container now
2025-08-13 23:54:49,969:INFO:_master_model_container: 1
2025-08-13 23:54:49,970:INFO:_display_container: 2
2025-08-13 23:54:49,970:INFO:LinearRegression(n_jobs=-1)
2025-08-13 23:54:49,970:INFO:create_model() successfully completed......................................
2025-08-13 23:54:50,047:INFO:Initializing plot_model()
2025-08-13 23:54:50,047:INFO:plot_model(self=<pycaret.regression.oop.RegressionExperiment object at 0x00000154A0909690>, estimator=LinearRegression(n_jobs=-1), plot=residuals, scale=1, save=False, fold=None, fit_kwargs=None, plot_kwargs=None, groups=None, feature_name=None, label=False, verbose=True, system=True, display=None, display_format=None)
2025-08-13 23:54:50,047:INFO:Checking exceptions
2025-08-13 23:54:50,050:INFO:Preloading libraries
2025-08-13 23:54:50,050:INFO:Copying training dataset
2025-08-13 23:54:50,050:INFO:Plot type: residuals
2025-08-13 23:54:50,172:INFO:Fitting Model
2025-08-13 23:54:50,173:WARNING:c:\Users\gueva\anaconda3\envs\py311\Lib\site-packages\sklearn\base.py:493: UserWarning: X does not have valid feature names, but LinearRegression was fitted with feature names
  warnings.warn(

2025-08-13 23:54:50,189:INFO:Scoring test/hold-out set
2025-08-13 23:54:50,356:INFO:Visual Rendered Successfully
2025-08-13 23:54:50,447:INFO:plot_model() successfully completed......................................
2025-08-13 23:54:50,470:INFO:Initializing save_model()
2025-08-13 23:54:50,470:INFO:save_model(model=LinearRegression(n_jobs=-1), model_name=deployment_20231111, prep_pipe_=Pipeline(memory=FastMemory(location=C:\Users\gueva\AppData\Local\Temp\joblib),
         steps=[('numerical_imputer',
                 TransformerWrapper(include=['age', 'bmi', 'children'],
                                    transformer=SimpleImputer())),
                ('categorical_imputer',
                 TransformerWrapper(include=['sex', 'smoker', 'region'],
                                    transformer=SimpleImputer(strategy='most_frequent'))),
                ('ordinal_encoding',
                 TransformerW...
                                                                         'data_type': dtype('O'),
                                                                         'mapping': no     0
yes    1
NaN   -1
dtype: int64}]))),
                ('onehot_encoding',
                 TransformerWrapper(include=['region'],
                                    transformer=OneHotEncoder(cols=['region'],
                                                              handle_missing='return_nan',
                                                              use_cat_names=True))),
                ('polynomial_features',
                 TransformerWrapper(transformer=PolynomialFeatures(include_bias=False))),
                ('normalize',
                 TransformerWrapper(transformer=StandardScaler()))]), verbose=True, use_case=MLUsecase.REGRESSION, kwargs={})
2025-08-13 23:54:50,471:INFO:Adding model into prep_pipe
2025-08-13 23:54:50,477:INFO:deployment_20231111.pkl saved in current working directory
2025-08-13 23:54:50,500:INFO:Pipeline(memory=Memory(location=None),
         steps=[('numerical_imputer',
                 TransformerWrapper(include=['age', 'bmi', 'children'],
                                    transformer=SimpleImputer())),
                ('categorical_imputer',
                 TransformerWrapper(include=['sex', 'smoker', 'region'],
                                    transformer=SimpleImputer(strategy='most_frequent'))),
                ('ordinal_encoding',
                 TransformerWrapper(include=['sex', 'smoker'],
                                    transfor...
                ('onehot_encoding',
                 TransformerWrapper(include=['region'],
                                    transformer=OneHotEncoder(cols=['region'],
                                                              handle_missing='return_nan',
                                                              use_cat_names=True))),
                ('polynomial_features',
                 TransformerWrapper(transformer=PolynomialFeatures(include_bias=False))),
                ('normalize', TransformerWrapper(transformer=StandardScaler())),
                ('trained_model', LinearRegression(n_jobs=-1))])
2025-08-13 23:54:50,500:INFO:save_model() successfully completed......................................
2025-08-13 23:54:51,573:INFO:Initializing load_model()
2025-08-13 23:54:51,573:INFO:load_model(model_name=deployment_20231111, platform=None, authentication=None, verbose=True)
2025-08-13 23:56:01,402:WARNING:
'cuml' is a soft dependency and not included in the pycaret installation. Please run: `pip install cuml` to install.
2025-08-13 23:56:01,402:WARNING:
'cuml' is a soft dependency and not included in the pycaret installation. Please run: `pip install cuml` to install.
2025-08-13 23:56:01,402:WARNING:
'cuml' is a soft dependency and not included in the pycaret installation. Please run: `pip install cuml` to install.
2025-08-13 23:56:01,402:WARNING:
'cuml' is a soft dependency and not included in the pycaret installation. Please run: `pip install cuml` to install.
2025-08-13 23:56:01,482:INFO:Initializing load_model()
2025-08-13 23:56:01,482:INFO:load_model(model_name=deployment_20231111, platform=None, authentication=None, verbose=True)
2025-08-13 23:56:03,708:WARNING:
'cuml' is a soft dependency and not included in the pycaret installation. Please run: `pip install cuml` to install.
2025-08-13 23:56:03,708:WARNING:
'cuml' is a soft dependency and not included in the pycaret installation. Please run: `pip install cuml` to install.
2025-08-13 23:56:03,708:WARNING:
'cuml' is a soft dependency and not included in the pycaret installation. Please run: `pip install cuml` to install.
2025-08-13 23:56:03,708:WARNING:
'cuml' is a soft dependency and not included in the pycaret installation. Please run: `pip install cuml` to install.
2025-08-13 23:56:03,789:INFO:Initializing load_model()
2025-08-13 23:56:03,789:INFO:load_model(model_name=deployment_20231111, platform=None, authentication=None, verbose=True)
2025-08-13 23:56:26,571:WARNING:
'cuml' is a soft dependency and not included in the pycaret installation. Please run: `pip install cuml` to install.
2025-08-13 23:56:26,571:WARNING:
'cuml' is a soft dependency and not included in the pycaret installation. Please run: `pip install cuml` to install.
2025-08-13 23:56:26,571:WARNING:
'cuml' is a soft dependency and not included in the pycaret installation. Please run: `pip install cuml` to install.
2025-08-13 23:56:26,571:WARNING:
'cuml' is a soft dependency and not included in the pycaret installation. Please run: `pip install cuml` to install.
2025-08-13 23:56:26,651:INFO:Initializing load_model()
2025-08-13 23:56:26,651:INFO:load_model(model_name=deployment_20231111, platform=None, authentication=None, verbose=True)
2025-08-13 23:56:28,800:WARNING:
'cuml' is a soft dependency and not included in the pycaret installation. Please run: `pip install cuml` to install.
2025-08-13 23:56:28,800:WARNING:
'cuml' is a soft dependency and not included in the pycaret installation. Please run: `pip install cuml` to install.
2025-08-13 23:56:28,800:WARNING:
'cuml' is a soft dependency and not included in the pycaret installation. Please run: `pip install cuml` to install.
2025-08-13 23:56:28,800:WARNING:
'cuml' is a soft dependency and not included in the pycaret installation. Please run: `pip install cuml` to install.
2025-08-13 23:56:28,882:INFO:Initializing load_model()
2025-08-13 23:56:28,882:INFO:load_model(model_name=deployment_20231111, platform=None, authentication=None, verbose=True)
2025-08-14 00:02:54,173:WARNING:
'cuml' is a soft dependency and not included in the pycaret installation. Please run: `pip install cuml` to install.
2025-08-14 00:02:54,173:WARNING:
'cuml' is a soft dependency and not included in the pycaret installation. Please run: `pip install cuml` to install.
2025-08-14 00:02:54,173:WARNING:
'cuml' is a soft dependency and not included in the pycaret installation. Please run: `pip install cuml` to install.
2025-08-14 00:02:54,173:WARNING:
'cuml' is a soft dependency and not included in the pycaret installation. Please run: `pip install cuml` to install.
2025-08-14 00:02:54,252:INFO:Initializing load_model()
2025-08-14 00:02:54,253:INFO:load_model(model_name=deployment_20231111, platform=None, authentication=None, verbose=True)
2025-08-14 00:02:56,330:WARNING:
'cuml' is a soft dependency and not included in the pycaret installation. Please run: `pip install cuml` to install.
2025-08-14 00:02:56,330:WARNING:
'cuml' is a soft dependency and not included in the pycaret installation. Please run: `pip install cuml` to install.
2025-08-14 00:02:56,330:WARNING:
'cuml' is a soft dependency and not included in the pycaret installation. Please run: `pip install cuml` to install.
2025-08-14 00:02:56,330:WARNING:
'cuml' is a soft dependency and not included in the pycaret installation. Please run: `pip install cuml` to install.
2025-08-14 00:02:56,409:INFO:Initializing load_model()
2025-08-14 00:02:56,409:INFO:load_model(model_name=deployment_20231111, platform=None, authentication=None, verbose=True)
2025-08-14 00:06:31,086:INFO:Initializing predict_model()
2025-08-14 00:06:31,086:INFO:predict_model(self=<pycaret.regression.oop.RegressionExperiment object at 0x000001D203DF1850>, estimator=Pipeline(memory=Memory(location=None),
         steps=[('numerical_imputer',
                 TransformerWrapper(include=['age', 'bmi', 'children'],
                                    transformer=SimpleImputer())),
                ('categorical_imputer',
                 TransformerWrapper(include=['sex', 'smoker', 'region'],
                                    transformer=SimpleImputer(strategy='most_frequent'))),
                ('ordinal_encoding',
                 TransformerWrapper(include=['sex', 'smoker'],
                                    transfor...
                ('onehot_encoding',
                 TransformerWrapper(include=['region'],
                                    transformer=OneHotEncoder(cols=['region'],
                                                              handle_missing='return_nan',
                                                              use_cat_names=True))),
                ('polynomial_features',
                 TransformerWrapper(transformer=PolynomialFeatures(include_bias=False))),
                ('normalize', TransformerWrapper(transformer=StandardScaler())),
                ('trained_model', LinearRegression(n_jobs=-1))]), probability_threshold=None, encoded_labels=False, raw_score=False, round=0, verbose=True, ml_usecase=None, preprocess=True, encode_labels=<function _SupervisedExperiment.predict_model.<locals>.encode_labels at 0x000001D25E9F27A0>)
2025-08-14 00:06:31,086:INFO:Checking exceptions
2025-08-14 00:06:31,086:INFO:Preloading libraries
2025-08-14 00:06:31,087:INFO:Set up data.
2025-08-14 00:06:31,088:INFO:Set up index.
